<?xml version="1.0" encoding="UTF-8"?>
<testng-results ignored="0" total="1" passed="1" failed="0" skipped="0">
  <reporter-output>
  </reporter-output>
  <suite started-at="2022-03-25T07:25:21 IST" name="Default suite" finished-at="2022-03-25T07:25:21 IST" duration-ms="224">
    <groups>
    </groups>
    <test started-at="2022-03-25T07:25:21 IST" name="Default test" finished-at="2022-03-25T07:25:21 IST" duration-ms="224">
      <class name="com.crm.Vtiger.Practice.CreateContactTest">
        <test-method signature="createContact()[pri:0, instance:com.crm.Vtiger.Practice.CreateContactTest@fba92d3]" started-at="2022-03-25T07:25:21 IST" name="createContact" finished-at="2022-03-25T07:25:21 IST" duration-ms="51" status="PASS">
          <reporter-output>
          </reporter-output>
        </test-method> <!-- createContact -->
      </class> <!-- com.crm.Vtiger.Practice.CreateContactTest -->
    </test> <!-- Default test -->
  </suite> <!-- Default suite -->
</testng-results>
