<?xml version="1.0" encoding="UTF-8"?>
<testng-results ignored="0" total="1" passed="1" failed="0" skipped="0">
  <reporter-output>
  </reporter-output>
  <suite started-at="2022-04-01T14:45:25 IST" name="Default suite" finished-at="2022-04-01T14:45:25 IST" duration-ms="118">
    <groups>
    </groups>
    <test started-at="2022-04-01T14:45:25 IST" name="Default test" finished-at="2022-04-01T14:45:25 IST" duration-ms="118">
      <class name="com.crm.Vtiger.Practice.CreateInvoiceByUser2">
        <test-method signature="createInvoice()[pri:0, instance:com.crm.Vtiger.Practice.CreateInvoiceByUser2@fba92d3]" started-at="2022-04-01T14:45:25 IST" name="createInvoice" finished-at="2022-04-01T14:45:25 IST" duration-ms="28" status="PASS">
          <reporter-output>
          </reporter-output>
        </test-method> <!-- createInvoice -->
      </class> <!-- com.crm.Vtiger.Practice.CreateInvoiceByUser2 -->
    </test> <!-- Default test -->
  </suite> <!-- Default suite -->
</testng-results>
